C51 COMPILER V9.53.0.0   VARIABLES_GLOBALES                                                05/09/2019 19:39:59 PAGE 1   


C51 COMPILER V9.53.0.0, COMPILATION OF MODULE VARIABLES_GLOBALES
OBJECT MODULE PLACED IN .\src\variables_globales.OBJ
COMPILER INVOKED BY: c:\SiliconLabs\SimplicityStudio\v3\developer\toolchains\keil_8051\9.53\BIN\C51.exe C:\Users\Minh Ha
                    -c\SimplicityStudio\v3_workspace\myProject\src\variables_globales.c OMF2 SMALL DEBUG OBJECTEXTEND ROM(LARGE) WARNINGLEVEL
                    -(2) FLOATFUZZY(3) OPTIMIZE(8,SPEED) DEFINE(DEBUG=1) INTVECTOR(0X0000) INTPROMOTE INCDIR(C:/Users/Minh Hac/SimplicityStud
                    -io/v3_workspace/myProject/inc;C:/SiliconLabs/SimplicityStudio/v3/developer/sdks/si8051/v3//Device/shared/si8051Base;C:/S
                    -iliconLabs/SimplicityStudio/v3/developer/sdks/si8051/v3//Device/C8051F930;C:/SiliconLabs/SimplicityStudio/v3/developer/s
                    -dks/si8051/v3//Device/C8051F930/inc) PRINT(.\src\variables_globales.lst) COND PAGEWIDTH(120) PAGELENGTH(65) OBJECT(.\src
                    -\variables_globales.OBJ)

line level    source

   1          //=========================================================
   2          // Declaration les variables globales
   3          //
   4          //=========================================================
   5          
   6          
   7          // les variables pour l'ordonnanceur
   8          xdata unsigned int  scheduler_ct;
   9          bit new_task=0;
  10          
  11          // la variable pour garder l'etat des phases de sortie
  12          xdata unsigned int  etat_phase ;
  13          
  14          // la variable contient valeur recu de UART0
  15          xdata unsigned char val=6;


MODULE INFORMATION:   STATIC OVERLAYABLE
   CODE SIZE        =   ----    ----
   CONSTANT SIZE    =   ----    ----
   XDATA SIZE       =      5    ----
   PDATA SIZE       =   ----    ----
   DATA SIZE        =   ----    ----
   IDATA SIZE       =   ----    ----
   BIT SIZE         =      1    ----
   EDATA SIZE       =   ----    ----
   HDATA SIZE       =   ----    ----
   XDATA CONST SIZE =   ----    ----
   FAR CONST SIZE   =   ----    ----
END OF MODULE INFORMATION.


C51 COMPILATION COMPLETE.  0 WARNING(S),  0 ERROR(S)
